<?xml version="1.0" encoding="UTF-8"?>
<!-- Generated by org.testng.reporters.JUnitReportReporter -->
<testsuite hostname="VAISHNAVI" failures="0" tests="1" name="Contact.vtigerLoginTest" time="31.450" errors="0" timestamp="2022-03-23T14:18:57 IST" skipped="0">
  <testcase classname="Contact.vtigerLoginTest" name="loginfromMavencmd" time="31.450"/>
  <system-out/>
</testsuite> <!-- Contact.vtigerLoginTest -->
