<?xml version="1.0" encoding="UTF-8"?>
<!-- Generated by org.testng.reporters.JUnitReportReporter -->
<testsuite skipped="0" hostname="DESKTOP-58TVSAQ" name="com.crm.vtiger.Practice.VtigerBasicTest" tests="1" failures="0" timestamp="2022-03-23T13:59:10 IST" time="10.084" errors="0">
  <testcase name="credentials" time="10.084" classname="com.crm.vtiger.Practice.VtigerBasicTest"/>
  <system-out/>
</testsuite> <!-- com.crm.vtiger.Practice.VtigerBasicTest -->
