<?xml version="1.0" encoding="UTF-8"?>
<!-- Generated by org.testng.reporters.JUnitReportReporter -->
<testsuite skipped="0" hostname="VAISHNAVI" name="Contact.addNameTest" tests="1" failures="0" timestamp="23 Mar 2022 08:54:32 GMT" time="0.004" errors="0">
  <testcase name="addAdminName" time="0.004" classname="Contact.addNameTest"/>
</testsuite> <!-- Contact.addNameTest -->
