<?xml version="1.0" encoding="UTF-8"?>
<!-- Generated by org.testng.reporters.JUnitReportReporter -->
<testsuite skipped="0" hostname="VAISHNAVI" name="Contact.lastNameTest" tests="2" failures="0" timestamp="23 Mar 2022 08:54:32 GMT" time="0.004" errors="0">
  <testcase name="addLastName" time="0.003" classname="Contact.lastNameTest"/>
  <testcase name="addContact" time="0.001" classname="Contact.lastNameTest"/>
</testsuite> <!-- Contact.lastNameTest -->
