<?xml version="1.0" encoding="UTF-8"?>
<!-- Generated by org.testng.reporters.JUnitReportReporter -->
<testsuite skipped="0" hostname="VAISHNAVI" name="Contact.addOrgTest" tests="2" failures="0" timestamp="23 Mar 2022 08:54:32 GMT" time="0.000" errors="0">
  <testcase name="addFirstName" time="0.000" classname="Contact.addOrgTest"/>
  <testcase name="addOrg" time="0.000" classname="Contact.addOrgTest"/>
</testsuite> <!-- Contact.addOrgTest -->
