<?xml version="1.0" encoding="UTF-8"?>
<!-- Generated by org.testng.reporters.JUnitReportReporter -->
<testsuite skipped="0" hostname="VAISHNAVI" name="Contact.vtigerLoginTest" tests="1" failures="0" timestamp="23 Mar 2022 08:56:07 GMT" time="14.568" errors="0">
  <testcase name="loginfromMavencmd" time="14.568" classname="Contact.vtigerLoginTest"/>
</testsuite> <!-- Contact.vtigerLoginTest -->
