<?xml version="1.0" encoding="UTF-8"?>
<!-- Generated by org.testng.reporters.JUnitReportReporter -->
<testsuite hostname="DESKTOP-58TVSAQ" failures="0" tests="4" name="Test100Method1Method" time="0.032" errors="0" timestamp="2022-05-28T16:31:55 IST" skipped="0">
  <testcase classname="Test100Method1Method" name="groupD" time="0.002"/>
  <system-out/>
  <testcase classname="Test100Method1Method" name="groupA" time="0.017"/>
  <system-out/>
  <testcase classname="Test100Method1Method" name="groupB" time="0.007"/>
  <system-out/>
  <testcase classname="Test100Method1Method" name="groupC" time="0.006"/>
  <system-out/>
</testsuite> <!-- Test100Method1Method -->
